#
# There is insufficient memory for the Java Runtime Environment to continue.
# Native memory allocation (mmap) failed to map 260046848 bytes for G1 virtual space
# Possible reasons:
#   The system is out of physical RAM or swap space
#   The process is running with CompressedOops enabled, and the Java Heap may be blocking the growth of the native heap
# Possible solutions:
#   Reduce memory load on the system
#   Increase physical memory or swap space
#   Check if swap backing store is full
#   Decrease Java heap size (-Xmx/-Xms)
#   Decrease number of Java threads
#   Decrease Java thread stack sizes (-Xss)
#   Set larger code cache with -XX:ReservedCodeCacheSize=
#   JVM is running with Zero Based Compressed Oops mode in which the Java heap is
#     placed in the first 32GB address space. The Java Heap base address is the
#     maximum limit for the native heap growth. Please use -XX:HeapBaseMinAddress
#     to set the Java Heap base and to place the Java Heap above 32GB virtual address.
# This output file may be truncated or incomplete.
#
#  Out of Memory Error (os_windows.cpp:3617), pid=56148, tid=56216
#
# JRE version:  (17.0.8.1+1) (build )
# Java VM: OpenJDK 64-Bit Server VM (17.0.8.1+1-LTS, mixed mode, sharing, tiered, compressed oops, compressed class ptrs, g1 gc, windows-amd64)
# No core dump will be written. Minidumps are not enabled by default on client versions of Windows
#

---------------  S U M M A R Y ------------

Command Line: -Dfile.encoding=UTF-8 -XX:+ShowCodeDetailsInExceptionMessages Reserve

Host: AMD Ryzen 9 5900HS with Radeon Graphics        , 16 cores, 15G,  Windows 11 , 64 bit Build 22621 (10.0.22621.2506)
Time: Fri Dec  8 22:02:14 2023  Windows 11 , 64 bit Build 22621 (10.0.22621.2506) elapsed time: 0.025091 seconds (0d 0h 0m 0s)

---------------  T H R E A D  ---------------

Current thread (0x000002acc2563a40):  JavaThread "Unknown thread" [_thread_in_vm, id=56216, stack(0x000000dd3e300000,0x000000dd3e400000)]

Stack: [0x000000dd3e300000,0x000000dd3e400000]
Native frames: (J=compiled Java code, j=interpreted, Vv=VM code, C=native code)
V  [jvm.dll+0x67bf3a]
V  [jvm.dll+0x83a024]
V  [jvm.dll+0x83b7ce]
V  [jvm.dll+0x83be33]
V  [jvm.dll+0x24785f]
V  [jvm.dll+0x678cb9]
V  [jvm.dll+0x66d54a]
V  [jvm.dll+0x308feb]
V  [jvm.dll+0x310496]
V  [jvm.dll+0x36019e]
V  [jvm.dll+0x3603cf]
V  [jvm.dll+0x2dff38]
V  [jvm.dll+0x2e0ea4]
V  [jvm.dll+0x80bca1]
V  [jvm.dll+0x36df61]
V  [jvm.dll+0x7eafac]
V  [jvm.dll+0x3f0c8f]
V  [jvm.dll+0x3f28a1]
C  [jli.dll+0x528f]
C  [ucrtbase.dll+0x29363]
C  [KERNEL32.DLL+0x1257d]
C  [ntdll.dll+0x5aa58]


---------------  P R O C E S S  ---------------

Threads class SMR info:
_java_thread_list=0x00007ffbbca03058, length=0, elements={
}

Java Threads: ( => current thread )

Other Threads:
  0x000002acc25cee40 GCTaskThread "GC Thread#0" [stack: 0x000000dd3e400000,0x000000dd3e500000] [id=56220]
  0x000002acc25fbe20 ConcurrentGCThread "G1 Main Marker" [stack: 0x000000dd3e500000,0x000000dd3e600000] [id=56224]
  0x000002acc25fe740 ConcurrentGCThread "G1 Conc#0" [stack: 0x000000dd3e600000,0x000000dd3e700000] [id=56228]

[error occurred during error reporting (printing all threads), id 0xc0000005, EXCEPTION_ACCESS_VIOLATION (0xc0000005) at pc=0x00007ffbbc1c0927]

VM state: not at safepoint (not fully initialized)

VM Mutex/Monitor currently owned by a thread:  ([mutex/lock_event])
[0x000002acc255de90] Heap_lock - owner thread: 0x000002acc2563a40

Heap address: 0x0000000709600000, size: 3946 MB, Compressed Oops mode: Zero based, Oop shift amount: 3

CDS archive(s) mapped at: [0x0000000000000000-0x0000000000000000-0x0000000000000000), size 0, SharedBaseAddress: 0x0000000800000000, ArchiveRelocationMode: 1.
Narrow klass base: 0x0000000000000000, Narrow klass shift: 0, Narrow klass range: 0x0

GC Precious Log:
<Empty>

Heap:
 garbage-first heap   total 0K, used 0K [0x0000000709600000, 0x0000000800000000)
  region size 2048K, 0 young (0K), 0 survivors (0K)

[error occurred during error reporting (printing heap information), id 0xc0000005, EXCEPTION_ACCESS_VIOLATION (0xc0000005) at pc=0x00007ffbbc5a5fc9]

GC Heap History (0 events):
No events

Dll operation events (1 events):
Event: 0.010 Loaded shared library C:\Program Files\Microsoft\jdk-17.0.8.101-hotspot\bin\java.dll

Deoptimization events (0 events):
No events

Classes unloaded (0 events):
No events

Classes redefined (0 events):
No events

Internal exceptions (0 events):
No events

VM Operations (0 events):
No events

Events (0 events):
No events


Dynamic libraries:
0x00007ff71e090000 - 0x00007ff71e09e000 	C:\Program Files\Microsoft\jdk-17.0.8.101-hotspot\bin\javaw.exe
0x00007ffc122d0000 - 0x00007ffc124e7000 	C:\WINDOWS\SYSTEM32\ntdll.dll
0x00007ffc11040000 - 0x00007ffc11104000 	C:\WINDOWS\System32\KERNEL32.DLL
0x00007ffc0fb50000 - 0x00007ffc0fef5000 	C:\WINDOWS\System32\KERNELBASE.dll
0x00007ffc0f8c0000 - 0x00007ffc0f9d1000 	C:\WINDOWS\System32\ucrtbase.dll
0x00007ffc04b10000 - 0x00007ffc04b27000 	C:\Program Files\Microsoft\jdk-17.0.8.101-hotspot\bin\jli.dll
0x00007ffc04c70000 - 0x00007ffc04c8b000 	C:\Program Files\Microsoft\jdk-17.0.8.101-hotspot\bin\VCRUNTIME140.dll
0x00007ffc10c80000 - 0x00007ffc10e2e000 	C:\WINDOWS\System32\USER32.dll
0x00007ffc0f640000 - 0x00007ffc0f666000 	C:\WINDOWS\System32\win32u.dll
0x00007ffbfaf90000 - 0x00007ffbfb223000 	C:\WINDOWS\WinSxS\amd64_microsoft.windows.common-controls_6595b64144ccf1df_6.0.22621.2506_none_270c5ae97388e100\COMCTL32.dll
0x00007ffc10190000 - 0x00007ffc101b9000 	C:\WINDOWS\System32\GDI32.dll
0x00007ffc10f90000 - 0x00007ffc11037000 	C:\WINDOWS\System32\msvcrt.dll
0x00007ffc0ff00000 - 0x00007ffc10019000 	C:\WINDOWS\System32\gdi32full.dll
0x00007ffc0f820000 - 0x00007ffc0f8ba000 	C:\WINDOWS\System32\msvcp_win.dll
0x00007ffc112c0000 - 0x00007ffc112f1000 	C:\WINDOWS\System32\IMM32.DLL
0x00007ffc07f00000 - 0x00007ffc07f0c000 	C:\Program Files\Microsoft\jdk-17.0.8.101-hotspot\bin\vcruntime140_1.dll
0x00007ffbfa1e0000 - 0x00007ffbfa26d000 	C:\Program Files\Microsoft\jdk-17.0.8.101-hotspot\bin\msvcp140.dll
0x00007ffbbbed0000 - 0x00007ffbbcb35000 	C:\Program Files\Microsoft\jdk-17.0.8.101-hotspot\bin\server\jvm.dll
0x00007ffc11e00000 - 0x00007ffc11eb1000 	C:\WINDOWS\System32\ADVAPI32.dll
0x00007ffc12090000 - 0x00007ffc12136000 	C:\WINDOWS\System32\sechost.dll
0x00007ffc11ec0000 - 0x00007ffc11fd7000 	C:\WINDOWS\System32\RPCRT4.dll
0x00007ffc0f510000 - 0x00007ffc0f55d000 	C:\WINDOWS\SYSTEM32\POWRPROF.dll
0x00007ffbefc70000 - 0x00007ffbefc79000 	C:\WINDOWS\SYSTEM32\WSOCK32.dll
0x00007ffc071f0000 - 0x00007ffc07224000 	C:\WINDOWS\SYSTEM32\WINMM.dll
0x00007ffc101d0000 - 0x00007ffc10241000 	C:\WINDOWS\System32\WS2_32.dll
0x00007ffc074c0000 - 0x00007ffc074ca000 	C:\WINDOWS\SYSTEM32\VERSION.dll
0x00007ffc0f4f0000 - 0x00007ffc0f503000 	C:\WINDOWS\SYSTEM32\UMPDC.dll
0x00007ffc0e640000 - 0x00007ffc0e658000 	C:\WINDOWS\SYSTEM32\kernel.appcore.dll
0x00007ffc07380000 - 0x00007ffc0738a000 	C:\Program Files\Microsoft\jdk-17.0.8.101-hotspot\bin\jimage.dll
0x00007ffc0c8d0000 - 0x00007ffc0cb03000 	C:\WINDOWS\SYSTEM32\DBGHELP.DLL
0x00007ffc102b0000 - 0x00007ffc10639000 	C:\WINDOWS\System32\combase.dll
0x00007ffc10030000 - 0x00007ffc10107000 	C:\WINDOWS\System32\OLEAUT32.dll
0x00007ffc026a0000 - 0x00007ffc026d2000 	C:\WINDOWS\SYSTEM32\dbgcore.DLL
0x00007ffc0f670000 - 0x00007ffc0f6ea000 	C:\WINDOWS\System32\bcryptPrimitives.dll
0x00007ffbfb7c0000 - 0x00007ffbfb7e5000 	C:\Program Files\Microsoft\jdk-17.0.8.101-hotspot\bin\java.dll

dbghelp: loaded successfully - version: 4.0.5 - missing functions: none
symbol engine: initialized successfully - sym options: 0x614 - pdb path: .;C:\Program Files\Microsoft\jdk-17.0.8.101-hotspot\bin;C:\WINDOWS\SYSTEM32;C:\WINDOWS\WinSxS\amd64_microsoft.windows.common-controls_6595b64144ccf1df_6.0.22621.2506_none_270c5ae97388e100;C:\Program Files\Microsoft\jdk-17.0.8.101-hotspot\bin\server

VM Arguments:
jvm_args: -Dfile.encoding=UTF-8 -XX:+ShowCodeDetailsInExceptionMessages 
java_command: Reserve
java_class_path (initial): C:\Users\gon06\git\pm-test\TeamProject\bin
Launcher Type: SUN_STANDARD

[Global flags]
     intx CICompilerCount                          = 12                                        {product} {ergonomic}
     uint ConcGCThreads                            = 3                                         {product} {ergonomic}
     uint G1ConcRefinementThreads                  = 13                                        {product} {ergonomic}
   size_t G1HeapRegionSize                         = 2097152                                   {product} {ergonomic}
    uintx GCDrainStackTargetSize                   = 64                                        {product} {ergonomic}
   size_t InitialHeapSize                          = 260046848                                 {product} {ergonomic}
   size_t MarkStackSize                            = 4194304                                   {product} {ergonomic}
   size_t MaxHeapSize                              = 4137680896                                {product} {ergonomic}
   size_t MinHeapDeltaBytes                        = 2097152                                   {product} {ergonomic}
   size_t MinHeapSize                              = 8388608                                   {product} {ergonomic}
    uintx NonNMethodCodeHeapSize                   = 7602480                                {pd product} {ergonomic}
    uintx NonProfiledCodeHeapSize                  = 122027880                              {pd product} {ergonomic}
    uintx ProfiledCodeHeapSize                     = 122027880                              {pd product} {ergonomic}
    uintx ReservedCodeCacheSize                    = 251658240                              {pd product} {ergonomic}
     bool SegmentedCodeCache                       = true                                      {product} {ergonomic}
     bool ShowCodeDetailsInExceptionMessages       = true                                   {manageable} {command line}
   size_t SoftMaxHeapSize                          = 4137680896                             {manageable} {ergonomic}
     bool UseCompressedClassPointers               = true                           {product lp64_product} {ergonomic}
     bool UseCompressedOops                        = true                           {product lp64_product} {ergonomic}
     bool UseG1GC                                  = true                                      {product} {ergonomic}
     bool UseLargePagesIndividualAllocation        = false                                  {pd product} {ergonomic}

Logging:
Log output configuration:
 #0: stdout all=warning uptime,level,tags
 #1: stderr all=off uptime,level,tags

Environment Variables:
JAVA_HOME=C:\Program Files\Microsoft\jdk-17.0.8.101-hotspot\
PATH=C:/Program Files/Microsoft/jdk-17.0.8.101-hotspot/bin/server;C:/Program Files/Microsoft/jdk-17.0.8.101-hotspot/bin;C:\Program Files\Microsoft\jdk-17.0.8.101-hotspot\bin;C:\WinAVR-20081205\bin;C:\WinAVR-20081205\utils\bin;C:\Windows\system32;C:\Windows;C:\Windows\System32\Wbem;C:\Windows\System32\WindowsPowerShell\v1.0\;C:\Windows\System32\OpenSSH\;C:\Program Files (x86)\NVIDIA Corporation\PhysX\Common;C:\Program Files\NVIDIA Corporation\NVIDIA NvDLISR;C:\WINDOWS\system32;C:\WINDOWS;C:\WINDOWS\System32\Wbem;C:\WINDOWS\System32\WindowsPowerShell\v1.0\;C:\WINDOWS\System32\OpenSSH\;C:\Program Files\MATLAB\R2022b\bin;C:\Program Files\PuTTY\;C:\Users\gon06\AppData\Local\Microsoft\WindowsApps;;C:\Users\gon06\AppData\Local\afreeca;C:\Users\gon06\OneDrive - 서울과학기술대학교\바탕 화면;
USERNAME=gon06
OS=Windows_NT
PROCESSOR_IDENTIFIER=AMD64 Family 25 Model 80 Stepping 0, AuthenticAMD
TMP=C:\Users\gon06\AppData\Local\Temp
TEMP=C:\Users\gon06\AppData\Local\Temp



---------------  S Y S T E M  ---------------

OS:
 Windows 11 , 64 bit Build 22621 (10.0.22621.2506)
OS uptime: 10 days 9:42 hours

CPU: total 16 (initial active 16) (16 cores per cpu, 2 threads per core) family 25 model 80 stepping 0 microcode 0x0, cx8, cmov, fxsr, ht, mmx, 3dnowpref, sse, sse2, sse3, ssse3, sse4a, sse4.1, sse4.2, popcnt, lzcnt, tsc, tscinvbit, avx, avx2, aes, erms, clmul, bmi1, bmi2, adx, sha, fma, vzeroupper, clflush, clflushopt
Processor Information for processor 0
  Max Mhz: 3301, Current Mhz: 3301, Mhz Limit: 3301
Processor Information for processor 1
  Max Mhz: 3301, Current Mhz: 2003, Mhz Limit: 3301
Processor Information for processor 2
  Max Mhz: 3301, Current Mhz: 2003, Mhz Limit: 3301
Processor Information for processor 3
  Max Mhz: 3301, Current Mhz: 2003, Mhz Limit: 3301
Processor Information for processor 4
  Max Mhz: 3301, Current Mhz: 3301, Mhz Limit: 3301
Processor Information for processor 5
  Max Mhz: 3301, Current Mhz: 2003, Mhz Limit: 3301
Processor Information for processor 6
  Max Mhz: 3301, Current Mhz: 2003, Mhz Limit: 3301
Processor Information for processor 7
  Max Mhz: 3301, Current Mhz: 2003, Mhz Limit: 3301
Processor Information for processor 8
  Max Mhz: 3301, Current Mhz: 3301, Mhz Limit: 3301
Processor Information for processor 9
  Max Mhz: 3301, Current Mhz: 2003, Mhz Limit: 3301
Processor Information for processor 10
  Max Mhz: 3301, Current Mhz: 2003, Mhz Limit: 3301
Processor Information for processor 11
  Max Mhz: 3301, Current Mhz: 2003, Mhz Limit: 3301
Processor Information for processor 12
  Max Mhz: 3301, Current Mhz: 3301, Mhz Limit: 3301
Processor Information for processor 13
  Max Mhz: 3301, Current Mhz: 2003, Mhz Limit: 3301
Processor Information for processor 14
  Max Mhz: 3301, Current Mhz: 2003, Mhz Limit: 3301
Processor Information for processor 15
  Max Mhz: 3301, Current Mhz: 2003, Mhz Limit: 3301

Memory: 4k page, system-wide physical 15776M (758M free)
TotalPageFile size 64901M (AvailPageFile size 106M)
current process WorkingSet (physical memory assigned to process): 12M, peak: 12M
current process commit charge ("private bytes"): 71M, peak: 318M

vm_info: OpenJDK 64-Bit Server VM (17.0.8.1+1-LTS) for windows-amd64 JRE (17.0.8.1+1-LTS), built on Aug 23 2023 17:38:52 by "MicrosoftCorporation" with MS VC++ 16.10 / 16.11 (VS2019)

END.
